app/build/outputs/logs/manifest-merger-debug-report.txt
-- Merging decision tree log ---
manifest
ADDED from src/main/AndroidManifest.xml:2:1-55:12
	xmlns:android
		ADDED from src/main/AndroidManifest.xml:2:11-69
	package
		ADDED from src/main/AndroidManifest.xml:3:5-41
		INJECTED from src/main/AndroidManifest.xml
		INJECTED from src/main/AndroidManifest.xml
	android:versionName
		ADDED from src/main/AndroidManifest.xml:5:5-30
	android:versionCode
		ADDED from src/main/AndroidManifest.xml:4:5-28
		INJECTED from src/main/AndroidManifest.xml
		INJECTED from src/main/AndroidManifest.xml
uses-sdk
ADDED from src/main/AndroidManifest.xml:7:5-9:41
MERGED from [com.android.support:appcompat-v7:19.1.0] AndroidManifest.xml:18:5-42
	android:targetSdkVersion
		ADDED from src/main/AndroidManifest.xml:9:9-38
		INJECTED from src/main/AndroidManifest.xml
		INJECTED from src/main/AndroidManifest.xml
	android:minSdkVersion
		ADDED from src/main/AndroidManifest.xml:8:9-35
		INJECTED from src/main/AndroidManifest.xml
		INJECTED from src/main/AndroidManifest.xml
application
ADDED from src/main/AndroidManifest.xml:11:5-53:19
MERGED from [com.android.support:appcompat-v7:19.1.0] AndroidManifest.xml:19:5-20
	android:label
		ADDED from src/main/AndroidManifest.xml:14:9-41
	android:allowBackup
		ADDED from src/main/AndroidManifest.xml:12:9-35
	android:icon
		ADDED from src/main/AndroidManifest.xml:13:9-45
	android:theme
		ADDED from src/main/AndroidManifest.xml:15:9-40
activity#com.OutSideTheByte.truancy.MainScreen
ADDED from src/main/AndroidManifest.xml:16:9-24:20
	android:label
		ADDED from src/main/AndroidManifest.xml:18:13-45
	android:name
		ADDED from src/main/AndroidManifest.xml:17:13-39
intent-filter#android.intent.action.MAIN+android.intent.category.LAUNCHER
ADDED from src/main/AndroidManifest.xml:19:13-23:29
action#android.intent.action.MAIN
ADDED from src/main/AndroidManifest.xml:20:17-69
	android:name
		ADDED from src/main/AndroidManifest.xml:20:25-66
category#android.intent.category.LAUNCHER
ADDED from src/main/AndroidManifest.xml:22:17-77
	android:name
		ADDED from src/main/AndroidManifest.xml:22:27-74
activity#com.OutSideTheByte.truancy.CreateNewTimeTable.CreateNewTimeTable
ADDED from src/main/AndroidManifest.xml:25:9-26:20
	android:name
		ADDED from src/main/AndroidManifest.xml:25:19-98
service#com.OutSideTheByte.truancy.Notification.MyAlarmService
ADDED from src/main/AndroidManifest.xml:28:9-30:38
	android:enabled
		ADDED from src/main/AndroidManifest.xml:30:13-35
	android:name
		ADDED from src/main/AndroidManifest.xml:29:13-82
service#com.OutSideTheByte.truancy.Notification.Bunking
ADDED from src/main/AndroidManifest.xml:31:9-33:38
	android:enabled
		ADDED from src/main/AndroidManifest.xml:33:13-35
	android:name
		ADDED from src/main/AndroidManifest.xml:32:13-75
service#com.OutSideTheByte.truancy.Notification.Attending
ADDED from src/main/AndroidManifest.xml:34:9-36:38
	android:enabled
		ADDED from src/main/AndroidManifest.xml:36:13-35
	android:name
		ADDED from src/main/AndroidManifest.xml:35:13-77
service#com.OutSideTheByte.truancy.Notification.NoClass
ADDED from src/main/AndroidManifest.xml:37:9-39:38
	android:enabled
		ADDED from src/main/AndroidManifest.xml:39:13-35
	android:name
		ADDED from src/main/AndroidManifest.xml:38:13-75
service#com.OutSideTheByte.truancy.Notification.Notification_Setup
ADDED from src/main/AndroidManifest.xml:40:9-42:38
	android:enabled
		ADDED from src/main/AndroidManifest.xml:42:13-35
	android:name
		ADDED from src/main/AndroidManifest.xml:41:13-86
service#com.OutSideTheByte.truancy.Notification.RepeatAlarmEveryWeekService
ADDED from src/main/AndroidManifest.xml:43:9-45:38
	android:enabled
		ADDED from src/main/AndroidManifest.xml:45:13-35
	android:name
		ADDED from src/main/AndroidManifest.xml:44:13-95
receiver#com.OutSideTheByte.truancy.Notification.NotificationReceiver
ADDED from src/main/AndroidManifest.xml:47:9-97
	android:name
		ADDED from src/main/AndroidManifest.xml:47:19-94
receiver#com.OutSideTheByte.truancy.Notification.EveryWeekServiceReceiver
ADDED from src/main/AndroidManifest.xml:48:9-52:20
	android:name
		ADDED from src/main/AndroidManifest.xml:48:19-98
intent-filter#android.intent.action.BOOT_COMPLETED
ADDED from src/main/AndroidManifest.xml:49:13-51:29
action#android.intent.action.BOOT_COMPLETED
ADDED from src/main/AndroidManifest.xml:50:17-79
	android:name
		ADDED from src/main/AndroidManifest.xml:50:25-76